2024-02-21 17:41:11,461 - ERROR - error when running bot: Message: Failed to read marionette port

2024-02-21 17:58:54,655 - ERROR - error when finding element by xpath: Message: Failed to decode response from marionette

2024-02-21 17:58:54,879 - ERROR - error when finding element by xpath: 'NoneType' object has no attribute 'find_element'
2024-02-21 17:58:55,010 - ERROR - error when apply for job: Message: Tried to run command without establishing a connection

2024-02-21 17:58:55,012 - ERROR - error when apply for job: Message: Tried to run command without establishing a connection

2024-02-21 17:58:55,014 - ERROR - error when apply for job: Message: Tried to run command without establishing a connection

2024-02-21 17:58:55,015 - ERROR - error when apply for job: Message: Tried to run command without establishing a connection

2024-02-21 17:58:55,017 - ERROR - error when apply for job: Message: Tried to run command without establishing a connection

2024-02-21 17:58:55,019 - ERROR - error when apply for job: Message: Tried to run command without establishing a connection

2024-02-21 17:58:55,021 - ERROR - error when apply for job: Message: Tried to run command without establishing a connection

2024-02-21 17:58:55,022 - ERROR - error when apply for job: Message: Tried to run command without establishing a connection

2024-02-21 17:58:55,024 - ERROR - error when apply for job: Message: Tried to run command without establishing a connection

2024-02-21 17:58:55,025 - ERROR - error when apply for job: Message: Tried to run command without establishing a connection

2024-02-21 17:58:55,027 - ERROR - error when apply for job: Message: Tried to run command without establishing a connection

2024-02-21 17:58:55,028 - ERROR - error when apply for job: Message: Tried to run command without establishing a connection

2024-02-21 17:58:55,030 - ERROR - error when apply for job: Message: Tried to run command without establishing a connection

2024-02-21 17:58:55,032 - ERROR - error when apply for job: Message: Tried to run command without establishing a connection

2024-02-21 17:58:55,033 - ERROR - error when apply for job: Message: Tried to run command without establishing a connection

2024-02-21 17:58:55,035 - ERROR - error when apply for job: Message: Tried to run command without establishing a connection

2024-02-21 17:58:55,036 - ERROR - error when apply for job: Message: Tried to run command without establishing a connection

2024-02-21 17:58:55,038 - ERROR - error when apply for job: Message: Tried to run command without establishing a connection

2024-02-21 17:58:55,039 - ERROR - error when apply for job: Message: Tried to run command without establishing a connection

2024-02-21 17:58:55,041 - ERROR - error when apply for job: Message: Tried to run command without establishing a connection

2024-02-21 17:58:55,043 - ERROR - error when apply for job: Message: Tried to run command without establishing a connection

2024-02-21 17:58:55,044 - ERROR - error when apply for job: Message: Tried to run command without establishing a connection

2024-02-21 17:58:55,046 - ERROR - error when apply for job: Message: Tried to run command without establishing a connection

2024-02-21 17:58:55,047 - ERROR - error when apply for job: Message: Tried to run command without establishing a connection

2024-02-21 17:58:55,049 - ERROR - error when apply for job: Message: Tried to run command without establishing a connection

2024-02-21 17:58:55,051 - ERROR - error when apply for job: Message: Tried to run command without establishing a connection

2024-02-21 17:58:55,052 - ERROR - error when apply for job: Message: Tried to run command without establishing a connection

2024-02-21 17:58:55,054 - ERROR - error when apply for job: Message: Tried to run command without establishing a connection

2024-02-21 17:58:55,055 - ERROR - error when apply for job: Message: Tried to run command without establishing a connection

2024-02-21 17:58:55,057 - ERROR - error when apply for job: Message: Tried to run command without establishing a connection

2024-02-21 17:58:55,058 - ERROR - error when apply for job: Message: Tried to run command without establishing a connection

2024-02-21 17:58:55,208 - ERROR - error when apply for job: Message: Tried to run command without establishing a connection

2024-02-21 17:58:55,209 - ERROR - error when apply for job: Message: Tried to run command without establishing a connection

2024-02-21 17:58:55,211 - ERROR - error when apply for job: Message: Tried to run command without establishing a connection

2024-02-21 17:58:55,213 - ERROR - error when apply for job: Message: Tried to run command without establishing a connection

2024-02-21 17:58:55,215 - ERROR - error when apply for job: Message: Tried to run command without establishing a connection

2024-02-21 17:58:55,216 - ERROR - error when search for jobs: Message: Tried to run command without establishing a connection

2024-02-21 17:58:55,218 - ERROR - error when search for jobs: Message: Tried to run command without establishing a connection

2024-02-21 17:58:55,220 - ERROR - error when search for jobs: Message: Tried to run command without establishing a connection

2024-02-21 17:58:55,222 - ERROR - error when search for jobs: Message: Tried to run command without establishing a connection

2024-02-21 17:58:55,224 - ERROR - error when search for jobs: Message: Tried to run command without establishing a connection

2024-02-21 17:58:55,225 - ERROR - error when search for jobs: Message: Tried to run command without establishing a connection

2024-02-21 17:58:55,227 - ERROR - error when search for jobs: Message: Tried to run command without establishing a connection

2024-02-21 17:58:55,229 - ERROR - error when search for jobs: Message: Tried to run command without establishing a connection

2024-02-21 17:58:55,231 - ERROR - error when search for jobs: Message: Tried to run command without establishing a connection

2024-02-21 17:58:55,233 - ERROR - error when search for jobs: Message: Tried to run command without establishing a connection

2024-02-21 17:58:55,234 - ERROR - error when search for jobs: Message: Tried to run command without establishing a connection

2024-02-21 17:58:55,236 - ERROR - error when search for jobs: Message: Tried to run command without establishing a connection

2024-02-21 17:58:55,237 - ERROR - error when search for jobs: Message: Tried to run command without establishing a connection

2024-02-21 17:58:55,241 - ERROR - error when search for jobs: Message: Tried to run command without establishing a connection

2024-02-21 17:58:55,245 - ERROR - error when search for jobs: Message: Tried to run command without establishing a connection

2024-02-21 17:58:55,247 - ERROR - error when search for jobs: Message: Tried to run command without establishing a connection

2024-02-21 17:58:55,248 - ERROR - error when search for jobs: Message: Tried to run command without establishing a connection

2024-02-21 17:58:55,250 - ERROR - error when search for jobs: Message: Tried to run command without establishing a connection

2024-02-21 17:58:55,252 - ERROR - error when search for jobs: Message: Tried to run command without establishing a connection

2024-02-21 17:58:55,253 - ERROR - error when search for jobs: Message: Tried to run command without establishing a connection

2024-02-21 17:58:55,255 - ERROR - error when search for jobs: Message: Tried to run command without establishing a connection

2024-02-21 17:58:55,256 - ERROR - error when search for jobs: Message: Tried to run command without establishing a connection

2024-02-21 17:58:55,258 - ERROR - error when search for jobs: Message: Tried to run command without establishing a connection

2024-02-21 17:58:55,259 - ERROR - error when search for jobs: Message: Tried to run command without establishing a connection

2024-02-21 17:58:55,261 - ERROR - error when search for jobs: Message: Tried to run command without establishing a connection

2024-02-21 17:58:55,263 - ERROR - error when search for jobs: Message: Tried to run command without establishing a connection

2024-02-21 17:58:55,265 - ERROR - error when search for jobs: Message: Tried to run command without establishing a connection

2024-02-21 17:58:55,266 - ERROR - error when search for jobs: Message: Tried to run command without establishing a connection

2024-02-21 17:58:55,268 - ERROR - error when search for jobs: Message: Tried to run command without establishing a connection

2024-02-21 17:58:55,269 - ERROR - error when search for jobs: Message: Tried to run command without establishing a connection

2024-02-21 17:58:55,271 - ERROR - error when search for jobs: Message: Tried to run command without establishing a connection

2024-02-21 17:58:55,272 - ERROR - error when search for jobs: Message: Tried to run command without establishing a connection

2024-02-21 17:58:55,274 - ERROR - error when search for jobs: Message: Tried to run command without establishing a connection

2024-02-21 17:58:55,275 - ERROR - error when search for jobs: Message: Tried to run command without establishing a connection

2024-02-21 17:58:55,277 - ERROR - error when search for jobs: Message: Tried to run command without establishing a connection

2024-02-21 17:58:55,279 - ERROR - error when search for jobs: Message: Tried to run command without establishing a connection

2024-02-21 17:58:55,280 - ERROR - error when search for jobs: Message: Tried to run command without establishing a connection

2024-02-21 17:58:55,282 - ERROR - error when search for jobs: Message: Tried to run command without establishing a connection

2024-02-21 17:58:55,283 - ERROR - error when search for jobs: Message: Tried to run command without establishing a connection

2024-02-21 17:58:55,285 - ERROR - error when search for jobs: Message: Tried to run command without establishing a connection

2024-02-21 17:58:55,286 - ERROR - error when search for jobs: Message: Tried to run command without establishing a connection

2024-02-21 17:58:55,288 - ERROR - error when search for jobs: Message: Tried to run command without establishing a connection

2024-02-21 17:58:55,289 - ERROR - error when search for jobs: Message: Tried to run command without establishing a connection

2024-02-21 17:58:55,290 - ERROR - error when search for jobs: Message: Tried to run command without establishing a connection

2024-02-21 17:58:55,292 - ERROR - error when search for jobs: Message: Tried to run command without establishing a connection

2024-02-21 17:58:55,293 - ERROR - error when search for jobs: Message: Tried to run command without establishing a connection

2024-02-21 17:58:55,295 - ERROR - error when search for jobs: Message: Tried to run command without establishing a connection

2024-02-21 17:58:55,297 - ERROR - error when search for jobs: Message: Tried to run command without establishing a connection

2024-02-21 17:58:55,299 - ERROR - error when search for jobs: Message: Tried to run command without establishing a connection

2024-02-21 17:58:55,300 - ERROR - error when search for jobs: Message: Tried to run command without establishing a connection

2024-02-21 17:58:55,302 - ERROR - error when search for jobs: Message: Tried to run command without establishing a connection

2024-02-21 17:58:55,303 - ERROR - error when search for jobs: Message: Tried to run command without establishing a connection

2024-02-21 17:58:55,305 - ERROR - error when search for jobs: Message: Tried to run command without establishing a connection

2024-02-21 17:58:55,306 - ERROR - error when search for jobs: Message: Tried to run command without establishing a connection

2024-02-21 17:58:55,308 - ERROR - error when search for jobs: Message: Tried to run command without establishing a connection

2024-02-21 17:58:55,309 - ERROR - error when search for jobs: Message: Tried to run command without establishing a connection

2024-02-21 17:58:55,312 - ERROR - error when search for jobs: Message: Tried to run command without establishing a connection

2024-02-21 17:58:55,314 - ERROR - error when search for jobs: Message: Tried to run command without establishing a connection

2024-02-21 17:58:55,315 - ERROR - error when search for jobs: Message: Tried to run command without establishing a connection

2024-02-21 17:58:55,317 - ERROR - error when search for jobs: Message: Tried to run command without establishing a connection

2024-02-21 17:58:55,318 - ERROR - error when search for jobs: Message: Tried to run command without establishing a connection

2024-02-21 17:58:55,319 - ERROR - error when search for jobs: Message: Tried to run command without establishing a connection

2024-02-21 17:58:55,320 - ERROR - error when search for jobs: Message: Tried to run command without establishing a connection

2024-02-21 17:58:55,322 - ERROR - error when search for jobs: Message: Tried to run command without establishing a connection

2024-02-21 17:58:55,323 - ERROR - error when search for jobs: Message: Tried to run command without establishing a connection

2024-02-21 17:58:55,324 - ERROR - error when search for jobs: Message: Tried to run command without establishing a connection

2024-02-21 17:58:55,325 - ERROR - error when search for jobs: Message: Tried to run command without establishing a connection

2024-02-21 17:58:55,326 - ERROR - error when search for jobs: Message: Tried to run command without establishing a connection

2024-02-21 17:58:55,328 - ERROR - error when search for jobs: Message: Tried to run command without establishing a connection

2024-02-21 17:58:55,329 - ERROR - error when search for jobs: Message: Tried to run command without establishing a connection

2024-02-21 17:58:55,331 - ERROR - error when search for jobs: Message: Tried to run command without establishing a connection

2024-02-21 17:58:55,332 - ERROR - error when search for jobs: Message: Tried to run command without establishing a connection

2024-02-21 17:58:55,333 - ERROR - error when search for jobs: Message: Tried to run command without establishing a connection

2024-02-21 17:58:55,335 - ERROR - error when search for jobs: Message: Tried to run command without establishing a connection

2024-02-21 17:58:55,336 - ERROR - error when search for jobs: Message: Tried to run command without establishing a connection

2024-02-21 17:58:55,337 - ERROR - error when search for jobs: Message: Tried to run command without establishing a connection

2024-02-21 17:58:55,338 - ERROR - error when search for jobs: Message: Tried to run command without establishing a connection

2024-02-21 17:58:55,339 - ERROR - error when search for jobs: Message: Tried to run command without establishing a connection

2024-02-21 17:58:55,341 - ERROR - error when search for jobs: Message: Tried to run command without establishing a connection

2024-02-21 17:58:55,342 - ERROR - error when search for jobs: Message: Tried to run command without establishing a connection

2024-02-21 17:58:55,343 - ERROR - error when search for jobs: Message: Tried to run command without establishing a connection

2024-02-21 17:58:55,345 - ERROR - error when search for jobs: Message: Tried to run command without establishing a connection

2024-02-21 17:58:55,346 - ERROR - error when search for jobs: Message: Tried to run command without establishing a connection

2024-02-21 17:58:55,347 - ERROR - error when search for jobs: Message: Tried to run command without establishing a connection

2024-02-21 17:58:55,349 - ERROR - error when search for jobs: Message: Tried to run command without establishing a connection

2024-02-21 17:58:55,350 - ERROR - error when search for jobs: Message: Tried to run command without establishing a connection

2024-02-21 17:58:55,351 - ERROR - error when search for jobs: Message: Tried to run command without establishing a connection

2024-02-21 17:58:55,352 - ERROR - error when search for jobs: Message: Tried to run command without establishing a connection

2024-02-21 17:58:55,353 - ERROR - error when search for jobs: Message: Tried to run command without establishing a connection

2024-02-21 17:58:55,354 - ERROR - error when search for jobs: Message: Tried to run command without establishing a connection

2024-02-21 17:58:55,356 - ERROR - error when search for jobs: Message: Tried to run command without establishing a connection

2024-02-21 17:58:55,357 - ERROR - error when search for jobs: Message: Tried to run command without establishing a connection

2024-02-21 17:58:55,358 - ERROR - error when search for jobs: Message: Tried to run command without establishing a connection

2024-02-21 17:58:55,359 - ERROR - error when search for jobs: Message: Tried to run command without establishing a connection

2024-02-21 17:58:55,361 - ERROR - error when search for jobs: Message: Tried to run command without establishing a connection

2024-02-21 17:58:55,362 - ERROR - error when search for jobs: Message: Tried to run command without establishing a connection

2024-02-21 17:58:55,363 - ERROR - error when search for jobs: Message: Tried to run command without establishing a connection

2024-02-21 17:58:55,365 - ERROR - error when search for jobs: Message: Tried to run command without establishing a connection

2024-02-21 17:58:55,366 - ERROR - error when search for jobs: Message: Tried to run command without establishing a connection

2024-02-21 17:58:55,367 - ERROR - error when search for jobs: Message: Tried to run command without establishing a connection

2024-02-21 17:58:55,368 - ERROR - error when search for jobs: Message: Tried to run command without establishing a connection

2024-02-21 17:58:55,369 - ERROR - error when search for jobs: Message: Tried to run command without establishing a connection

2024-02-21 17:58:55,370 - ERROR - error when search for jobs: Message: Tried to run command without establishing a connection

2024-02-21 17:58:55,371 - ERROR - error when search for jobs: Message: Tried to run command without establishing a connection

2024-02-21 17:58:55,373 - ERROR - error when search for jobs: Message: Tried to run command without establishing a connection

2024-02-21 17:58:55,374 - ERROR - error when search for jobs: Message: Tried to run command without establishing a connection

2024-02-21 17:58:55,375 - ERROR - error when search for jobs: Message: Tried to run command without establishing a connection

2024-02-21 17:58:55,376 - ERROR - error when search for jobs: Message: Tried to run command without establishing a connection

2024-02-21 17:58:55,378 - ERROR - error when search for jobs: Message: Tried to run command without establishing a connection

2024-02-21 17:58:55,379 - ERROR - error when search for jobs: Message: Tried to run command without establishing a connection

2024-02-21 17:58:55,381 - ERROR - error when search for jobs: Message: Tried to run command without establishing a connection

2024-02-21 17:58:55,382 - ERROR - error when search for jobs: Message: Tried to run command without establishing a connection

2024-02-21 17:58:55,383 - ERROR - error when search for jobs: Message: Tried to run command without establishing a connection

2024-02-21 17:58:55,384 - ERROR - error when search for jobs: Message: Tried to run command without establishing a connection

2024-02-21 17:58:55,385 - ERROR - error when search for jobs: Message: Tried to run command without establishing a connection

2024-02-21 17:58:55,387 - ERROR - error when search for jobs: Message: Tried to run command without establishing a connection

2024-02-21 17:58:55,388 - ERROR - error when search for jobs: Message: Tried to run command without establishing a connection

2024-02-21 17:58:55,389 - ERROR - error when search for jobs: Message: Tried to run command without establishing a connection

2024-02-21 17:58:55,390 - ERROR - error when search for jobs: Message: Tried to run command without establishing a connection

2024-02-21 17:58:55,391 - ERROR - error when search for jobs: Message: Tried to run command without establishing a connection

2024-02-21 17:58:55,392 - ERROR - error when search for jobs: Message: Tried to run command without establishing a connection

2024-02-21 17:58:55,393 - ERROR - error when search for jobs: Message: Tried to run command without establishing a connection

2024-02-21 17:58:55,395 - ERROR - error when search for jobs: Message: Tried to run command without establishing a connection

2024-02-21 17:58:55,396 - ERROR - error when search for jobs: Message: Tried to run command without establishing a connection

2024-02-21 17:58:55,397 - ERROR - error when search for jobs: Message: Tried to run command without establishing a connection

2024-02-21 17:58:55,399 - ERROR - error when search for jobs: Message: Tried to run command without establishing a connection

2024-02-21 17:58:55,400 - ERROR - error when search for jobs: Message: Tried to run command without establishing a connection

2024-02-21 17:58:55,401 - ERROR - error when search for jobs: Message: Tried to run command without establishing a connection

2024-02-21 17:58:55,402 - ERROR - error when search for jobs: Message: Tried to run command without establishing a connection

2024-02-21 17:58:55,404 - ERROR - error when search for jobs: Message: Tried to run command without establishing a connection

2024-02-21 17:58:55,405 - ERROR - error when search for jobs: Message: Tried to run command without establishing a connection

2024-02-21 17:58:55,407 - ERROR - error when search for jobs: Message: Tried to run command without establishing a connection

2024-02-21 17:58:55,408 - ERROR - error when search for jobs: Message: Tried to run command without establishing a connection

2024-02-21 17:58:55,409 - ERROR - error when search for jobs: Message: Tried to run command without establishing a connection

2024-02-21 17:58:55,410 - ERROR - error when search for jobs: Message: Tried to run command without establishing a connection

2024-02-21 17:58:55,412 - ERROR - error when search for jobs: Message: Tried to run command without establishing a connection

2024-02-21 17:58:55,413 - ERROR - error when search for jobs: Message: Tried to run command without establishing a connection

2024-02-21 17:58:55,414 - ERROR - error when search for jobs: Message: Tried to run command without establishing a connection

2024-02-21 17:58:55,415 - ERROR - error when search for jobs: Message: Tried to run command without establishing a connection

2024-02-21 17:58:55,417 - ERROR - error when search for jobs: Message: Tried to run command without establishing a connection

2024-02-21 17:58:55,418 - ERROR - error when search for jobs: Message: Tried to run command without establishing a connection

2024-02-21 17:58:55,419 - ERROR - error when search for jobs: Message: Tried to run command without establishing a connection

2024-02-21 17:58:55,420 - ERROR - error when search for jobs: Message: Tried to run command without establishing a connection

2024-02-21 17:58:55,421 - ERROR - error when search for jobs: Message: Tried to run command without establishing a connection

2024-02-21 17:58:55,422 - ERROR - error when search for jobs: Message: Tried to run command without establishing a connection

2024-02-21 17:58:55,423 - ERROR - error when search for jobs: Message: Tried to run command without establishing a connection

2024-02-21 17:58:55,425 - ERROR - error when search for jobs: Message: Tried to run command without establishing a connection

2024-02-21 17:58:55,426 - ERROR - error when search for jobs: Message: Tried to run command without establishing a connection

2024-02-21 17:58:55,427 - ERROR - error when search for jobs: Message: Tried to run command without establishing a connection

2024-02-21 17:58:55,428 - ERROR - error when search for jobs: Message: Tried to run command without establishing a connection

2024-02-21 17:58:55,430 - ERROR - error when search for jobs: Message: Tried to run command without establishing a connection

2024-02-21 17:58:55,431 - ERROR - error when search for jobs: Message: Tried to run command without establishing a connection

2024-02-21 17:58:55,432 - ERROR - error when search for jobs: Message: Tried to run command without establishing a connection

2024-02-21 17:58:55,433 - ERROR - error when search for jobs: Message: Tried to run command without establishing a connection

2024-02-21 17:58:55,435 - ERROR - error when search for jobs: Message: Tried to run command without establishing a connection

2024-02-21 17:58:55,436 - ERROR - error when search for jobs: Message: Tried to run command without establishing a connection

2024-02-21 17:58:55,437 - ERROR - error when search for jobs: Message: Tried to run command without establishing a connection

2024-02-21 17:58:55,438 - ERROR - error when search for jobs: Message: Tried to run command without establishing a connection

2024-02-21 17:58:55,439 - ERROR - error when search for jobs: Message: Tried to run command without establishing a connection

2024-02-21 17:58:55,440 - ERROR - error when search for jobs: Message: Tried to run command without establishing a connection

2024-02-21 17:58:55,442 - ERROR - error when search for jobs: Message: Tried to run command without establishing a connection

2024-02-21 17:58:55,443 - ERROR - error when search for jobs: Message: Tried to run command without establishing a connection

2024-02-21 17:58:55,444 - ERROR - error when search for jobs: Message: Tried to run command without establishing a connection

2024-02-21 17:58:55,445 - ERROR - error when search for jobs: Message: Tried to run command without establishing a connection

2024-02-21 17:58:55,446 - ERROR - error when search for jobs: Message: Tried to run command without establishing a connection

2024-02-21 17:58:55,448 - ERROR - error when search for jobs: Message: Tried to run command without establishing a connection

2024-02-21 17:58:55,449 - ERROR - error when search for jobs: Message: Tried to run command without establishing a connection

2024-02-21 17:58:55,450 - ERROR - error when search for jobs: Message: Tried to run command without establishing a connection

2024-02-21 17:58:55,451 - ERROR - error when search for jobs: Message: Tried to run command without establishing a connection

2024-02-21 17:58:55,453 - ERROR - error when search for jobs: Message: Tried to run command without establishing a connection

2024-02-21 17:58:55,454 - ERROR - error when search for jobs: Message: Tried to run command without establishing a connection

2024-02-21 17:58:55,455 - ERROR - error when search for jobs: Message: Tried to run command without establishing a connection

2024-02-21 17:58:55,456 - ERROR - error when search for jobs: Message: Tried to run command without establishing a connection

2024-02-21 17:58:55,457 - ERROR - error when search for jobs: Message: Tried to run command without establishing a connection

2024-02-21 17:58:55,458 - ERROR - error when search for jobs: Message: Tried to run command without establishing a connection

2024-02-21 17:58:55,459 - ERROR - error when search for jobs: Message: Tried to run command without establishing a connection

2024-02-21 17:58:55,461 - ERROR - error when search for jobs: Message: Tried to run command without establishing a connection

2024-02-21 17:58:55,462 - ERROR - error when search for jobs: Message: Tried to run command without establishing a connection

2024-02-21 17:58:55,463 - ERROR - error when search for jobs: Message: Tried to run command without establishing a connection

2024-02-21 17:58:55,465 - ERROR - error when search for jobs: Message: Tried to run command without establishing a connection

2024-02-21 17:58:55,466 - ERROR - error when search for jobs: Message: Tried to run command without establishing a connection

2024-02-21 17:58:55,467 - ERROR - error when search for jobs: Message: Tried to run command without establishing a connection

2024-02-21 17:58:55,468 - ERROR - error when search for jobs: Message: Tried to run command without establishing a connection

2024-02-21 17:58:55,469 - ERROR - error when search for jobs: Message: Tried to run command without establishing a connection

2024-02-21 17:58:55,470 - ERROR - error when search for jobs: Message: Tried to run command without establishing a connection

2024-02-21 17:58:55,471 - ERROR - error when search for jobs: Message: Tried to run command without establishing a connection

2024-02-21 17:58:55,472 - ERROR - error when search for jobs: Message: Tried to run command without establishing a connection

2024-02-21 17:58:55,474 - ERROR - error when search for jobs: Message: Tried to run command without establishing a connection

2024-02-21 17:58:55,475 - ERROR - error when search for jobs: Message: Tried to run command without establishing a connection

2024-02-21 17:58:55,476 - ERROR - error when search for jobs: Message: Tried to run command without establishing a connection

2024-02-21 17:58:55,477 - ERROR - error when search for jobs: Message: Tried to run command without establishing a connection

2024-02-21 17:58:55,479 - ERROR - error when search for jobs: Message: Tried to run command without establishing a connection

2024-02-21 17:58:55,480 - ERROR - error when search for jobs: Message: Tried to run command without establishing a connection

2024-02-21 17:58:55,481 - ERROR - error when search for jobs: Message: Tried to run command without establishing a connection

2024-02-21 17:58:55,482 - ERROR - error when search for jobs: Message: Tried to run command without establishing a connection

2024-02-21 17:58:55,483 - ERROR - error when search for jobs: Message: Tried to run command without establishing a connection

2024-02-21 17:58:55,485 - ERROR - error when search for jobs: Message: Tried to run command without establishing a connection

2024-02-21 17:58:55,486 - ERROR - error when search for jobs: Message: Tried to run command without establishing a connection

2024-02-21 17:58:55,487 - ERROR - error when search for jobs: Message: Tried to run command without establishing a connection

2024-02-21 17:58:55,488 - ERROR - error when search for jobs: Message: Tried to run command without establishing a connection

2024-02-21 17:58:55,489 - ERROR - error when search for jobs: Message: Tried to run command without establishing a connection

2024-02-21 17:58:55,490 - ERROR - error when search for jobs: Message: Tried to run command without establishing a connection

2024-02-21 17:58:55,492 - ERROR - error when search for jobs: Message: Tried to run command without establishing a connection

2024-02-21 17:58:55,493 - ERROR - error when search for jobs: Message: Tried to run command without establishing a connection

2024-02-21 17:58:55,494 - ERROR - error when search for jobs: Message: Tried to run command without establishing a connection

2024-02-21 17:58:55,495 - ERROR - error when search for jobs: Message: Tried to run command without establishing a connection

2024-02-21 17:58:55,496 - ERROR - error when search for jobs: Message: Tried to run command without establishing a connection

2024-02-21 17:58:55,501 - ERROR - error when search for jobs: Message: Tried to run command without establishing a connection

2024-02-21 17:58:55,508 - ERROR - error when search for jobs: Message: Tried to run command without establishing a connection

2024-02-21 17:58:55,511 - ERROR - error when search for jobs: Message: Tried to run command without establishing a connection

2024-02-21 17:58:55,513 - ERROR - error when search for jobs: Message: Tried to run command without establishing a connection

2024-02-21 17:58:55,515 - ERROR - error when search for jobs: Message: Tried to run command without establishing a connection

2024-02-21 17:58:55,517 - ERROR - error when search for jobs: Message: Tried to run command without establishing a connection

2024-02-21 17:58:55,518 - ERROR - error when search for jobs: Message: Tried to run command without establishing a connection

2024-02-21 17:58:55,520 - ERROR - error when search for jobs: Message: Tried to run command without establishing a connection

2024-02-21 17:58:55,522 - ERROR - error when search for jobs: Message: Tried to run command without establishing a connection

2024-02-21 17:58:55,523 - ERROR - error when search for jobs: Message: Tried to run command without establishing a connection

2024-02-21 17:58:55,525 - ERROR - error when search for jobs: Message: Tried to run command without establishing a connection

2024-02-21 17:58:55,526 - ERROR - error when search for jobs: Message: Tried to run command without establishing a connection

2024-02-21 17:58:55,528 - ERROR - error when search for jobs: Message: Tried to run command without establishing a connection

2024-02-21 17:58:55,530 - ERROR - error when search for jobs: Message: Tried to run command without establishing a connection

2024-02-21 17:58:55,531 - ERROR - error when search for jobs: Message: Tried to run command without establishing a connection

2024-02-21 17:58:55,533 - ERROR - error when search for jobs: Message: Tried to run command without establishing a connection

2024-02-21 17:58:55,534 - ERROR - error when search for jobs: Message: Tried to run command without establishing a connection

2024-02-21 17:58:55,535 - ERROR - error when search for jobs: Message: Tried to run command without establishing a connection

2024-02-21 17:58:55,537 - ERROR - error when search for jobs: Message: Tried to run command without establishing a connection

2024-02-21 17:58:55,538 - ERROR - error when search for jobs: Message: Tried to run command without establishing a connection

2024-02-21 17:58:55,540 - ERROR - error when search for jobs: Message: Tried to run command without establishing a connection

2024-02-21 17:58:55,541 - ERROR - error when search for jobs: Message: Tried to run command without establishing a connection

2024-02-21 17:58:55,543 - ERROR - error when search for jobs: Message: Tried to run command without establishing a connection

2024-02-21 17:58:55,544 - ERROR - error when search for jobs: Message: Tried to run command without establishing a connection

2024-02-21 17:58:55,546 - ERROR - error when search for jobs: Message: Tried to run command without establishing a connection

2024-02-21 17:58:55,547 - ERROR - error when search for jobs: Message: Tried to run command without establishing a connection

2024-02-21 17:58:55,549 - ERROR - error when search for jobs: Message: Tried to run command without establishing a connection

2024-02-21 17:58:55,550 - ERROR - error when search for jobs: Message: Tried to run command without establishing a connection

2024-02-21 17:58:55,552 - ERROR - error when search for jobs: Message: Tried to run command without establishing a connection

2024-02-21 17:58:55,554 - ERROR - error when search for jobs: Message: Tried to run command without establishing a connection

2024-02-21 17:58:55,555 - ERROR - error when search for jobs: Message: Tried to run command without establishing a connection

2024-02-21 17:58:55,557 - ERROR - error when search for jobs: Message: Tried to run command without establishing a connection

2024-02-21 17:58:55,559 - ERROR - error when search for jobs: Message: Tried to run command without establishing a connection

2024-02-21 17:58:55,560 - ERROR - error when search for jobs: Message: Tried to run command without establishing a connection

2024-02-21 17:58:55,562 - ERROR - error when search for jobs: Message: Tried to run command without establishing a connection

2024-02-21 17:58:55,563 - ERROR - error when search for jobs: Message: Tried to run command without establishing a connection

2024-02-21 17:58:55,565 - ERROR - error when search for jobs: Message: Tried to run command without establishing a connection

2024-02-21 17:58:55,567 - ERROR - error when search for jobs: Message: Tried to run command without establishing a connection

2024-02-21 17:58:55,568 - ERROR - error when search for jobs: Message: Tried to run command without establishing a connection

2024-02-21 17:58:55,570 - ERROR - error when search for jobs: Message: Tried to run command without establishing a connection

2024-02-21 17:58:55,571 - ERROR - error when search for jobs: Message: Tried to run command without establishing a connection

2024-02-21 17:58:55,573 - ERROR - error when search for jobs: Message: Tried to run command without establishing a connection

2024-02-21 17:58:55,574 - ERROR - error when search for jobs: Message: Tried to run command without establishing a connection

2024-02-21 17:58:55,576 - ERROR - error when search for jobs: Message: Tried to run command without establishing a connection

2024-02-21 17:58:55,577 - ERROR - error when search for jobs: Message: Tried to run command without establishing a connection

2024-02-21 17:58:55,579 - ERROR - error when search for jobs: Message: Tried to run command without establishing a connection

2024-02-21 17:58:55,580 - ERROR - error when search for jobs: Message: Tried to run command without establishing a connection

2024-02-21 17:58:55,582 - ERROR - error when search for jobs: Message: Tried to run command without establishing a connection

2024-02-21 17:58:55,583 - ERROR - error when search for jobs: Message: Tried to run command without establishing a connection

2024-02-21 17:58:55,585 - ERROR - error when search for jobs: Message: Tried to run command without establishing a connection

2024-02-21 17:58:55,586 - ERROR - error when search for jobs: Message: Tried to run command without establishing a connection

2024-02-21 17:58:55,587 - ERROR - error when search for jobs: Message: Tried to run command without establishing a connection

2024-02-21 17:58:55,589 - ERROR - error when search for jobs: Message: Tried to run command without establishing a connection

2024-02-21 17:58:55,590 - ERROR - error when search for jobs: Message: Tried to run command without establishing a connection

2024-02-21 17:58:55,591 - ERROR - error when search for jobs: Message: Tried to run command without establishing a connection

2024-02-21 17:58:55,593 - ERROR - error when search for jobs: Message: Tried to run command without establishing a connection

2024-02-21 17:58:55,594 - ERROR - error when search for jobs: Message: Tried to run command without establishing a connection

2024-02-21 17:58:55,596 - ERROR - error when search for jobs: Message: Tried to run command without establishing a connection

2024-02-21 17:58:55,597 - ERROR - error when search for jobs: Message: Tried to run command without establishing a connection

2024-02-21 17:58:55,599 - ERROR - error when search for jobs: Message: Tried to run command without establishing a connection

2024-02-21 17:58:55,600 - ERROR - error when search for jobs: Message: Tried to run command without establishing a connection

2024-02-21 17:58:55,602 - ERROR - error when search for jobs: Message: Tried to run command without establishing a connection

2024-02-21 17:58:55,603 - ERROR - error when search for jobs: Message: Tried to run command without establishing a connection

2024-02-21 17:58:55,605 - ERROR - error when search for jobs: Message: Tried to run command without establishing a connection

2024-02-21 17:58:55,606 - ERROR - error when search for jobs: Message: Tried to run command without establishing a connection

2024-02-21 17:58:55,607 - ERROR - error when search for jobs: Message: Tried to run command without establishing a connection

2024-02-21 17:58:55,609 - ERROR - error when search for jobs: Message: Tried to run command without establishing a connection

2024-02-21 17:58:55,610 - ERROR - error when search for jobs: Message: Tried to run command without establishing a connection

2024-02-21 17:58:55,611 - ERROR - error when search for jobs: Message: Tried to run command without establishing a connection

2024-02-21 17:58:55,613 - ERROR - error when search for jobs: Message: Tried to run command without establishing a connection

2024-02-21 17:58:55,614 - ERROR - error when search for jobs: Message: Tried to run command without establishing a connection

2024-02-21 17:58:55,615 - ERROR - error when search for jobs: Message: Tried to run command without establishing a connection

2024-02-21 17:58:55,616 - ERROR - error when search for jobs: Message: Tried to run command without establishing a connection

2024-02-21 17:58:55,617 - ERROR - error when search for jobs: Message: Tried to run command without establishing a connection

2024-02-21 17:58:55,619 - ERROR - error when search for jobs: Message: Tried to run command without establishing a connection

2024-02-21 17:58:55,620 - ERROR - error when search for jobs: Message: Tried to run command without establishing a connection

2024-02-21 17:58:55,621 - ERROR - error when search for jobs: Message: Tried to run command without establishing a connection

2024-02-21 17:58:55,622 - ERROR - error when search for jobs: Message: Tried to run command without establishing a connection

2024-02-21 17:58:55,623 - ERROR - error when search for jobs: Message: Tried to run command without establishing a connection

2024-02-21 17:58:55,624 - ERROR - error when search for jobs: Message: Tried to run command without establishing a connection

2024-02-21 17:58:55,625 - ERROR - error when search for jobs: Message: Tried to run command without establishing a connection

2024-02-21 17:58:55,627 - ERROR - error when search for jobs: Message: Tried to run command without establishing a connection

2024-02-21 17:58:55,628 - ERROR - error when search for jobs: Message: Tried to run command without establishing a connection

2024-02-21 17:58:55,630 - ERROR - error when search for jobs: Message: Tried to run command without establishing a connection

2024-02-21 17:58:55,631 - ERROR - error when search for jobs: Message: Tried to run command without establishing a connection

2024-02-21 17:58:55,632 - ERROR - error when search for jobs: Message: Tried to run command without establishing a connection

2024-02-21 17:58:55,633 - ERROR - error when search for jobs: Message: Tried to run command without establishing a connection

2024-02-21 17:58:55,634 - ERROR - error when search for jobs: Message: Tried to run command without establishing a connection

2024-02-21 17:58:55,636 - ERROR - error when search for jobs: Message: Tried to run command without establishing a connection

2024-02-21 17:58:55,637 - ERROR - error when search for jobs: Message: Tried to run command without establishing a connection

2024-02-21 17:58:55,638 - ERROR - error when search for jobs: Message: Tried to run command without establishing a connection

2024-02-21 17:58:55,639 - ERROR - error when search for jobs: Message: Tried to run command without establishing a connection

2024-02-21 17:58:55,640 - ERROR - error when search for jobs: Message: Tried to run command without establishing a connection

2024-02-21 17:58:55,641 - ERROR - error when search for jobs: Message: Tried to run command without establishing a connection

2024-02-21 17:58:55,642 - ERROR - error when search for jobs: Message: Tried to run command without establishing a connection

2024-02-21 17:58:55,644 - ERROR - error when search for jobs: Message: Tried to run command without establishing a connection

2024-02-21 17:58:55,645 - ERROR - error when search for jobs: Message: Tried to run command without establishing a connection

2024-02-21 17:58:55,647 - ERROR - error when search for jobs: Message: Tried to run command without establishing a connection

2024-02-21 17:58:55,648 - ERROR - error when search for jobs: Message: Tried to run command without establishing a connection

2024-02-21 17:58:55,649 - ERROR - error when search for jobs: Message: Tried to run command without establishing a connection

2024-02-21 17:58:55,650 - ERROR - error when search for jobs: Message: Tried to run command without establishing a connection

2024-02-21 17:58:55,652 - ERROR - error when search for jobs: Message: Tried to run command without establishing a connection

2024-02-21 17:58:55,653 - ERROR - error when search for jobs: Message: Tried to run command without establishing a connection

2024-02-21 17:58:55,654 - ERROR - error when search for jobs: Message: Tried to run command without establishing a connection

2024-02-21 17:58:55,655 - ERROR - error when search for jobs: Message: Tried to run command without establishing a connection

2024-02-21 17:58:55,656 - ERROR - error when search for jobs: Message: Tried to run command without establishing a connection

2024-02-21 17:58:55,657 - ERROR - error when search for jobs: Message: Tried to run command without establishing a connection

2024-02-21 17:58:55,659 - ERROR - error when search for jobs: Message: Tried to run command without establishing a connection

2024-02-21 17:58:55,660 - ERROR - error when search for jobs: Message: Tried to run command without establishing a connection

2024-02-21 17:58:55,661 - ERROR - error when search for jobs: Message: Tried to run command without establishing a connection

2024-02-21 17:58:55,662 - ERROR - error when search for jobs: Message: Tried to run command without establishing a connection

2024-02-21 17:58:55,664 - ERROR - error when search for jobs: Message: Tried to run command without establishing a connection

2024-02-21 17:58:55,665 - ERROR - error when search for jobs: Message: Tried to run command without establishing a connection

2024-02-21 17:58:55,666 - ERROR - error when search for jobs: Message: Tried to run command without establishing a connection

2024-02-21 17:58:55,667 - ERROR - error when search for jobs: Message: Tried to run command without establishing a connection

2024-02-21 17:58:55,668 - ERROR - error when search for jobs: Message: Tried to run command without establishing a connection

2024-02-21 17:58:55,669 - ERROR - error when search for jobs: Message: Tried to run command without establishing a connection

2024-02-21 17:58:55,671 - ERROR - error when search for jobs: Message: Tried to run command without establishing a connection

2024-02-21 17:58:55,672 - ERROR - error when search for jobs: Message: Tried to run command without establishing a connection

2024-02-21 17:58:55,673 - ERROR - error when search for jobs: Message: Tried to run command without establishing a connection

2024-02-21 17:58:55,674 - ERROR - error when search for jobs: Message: Tried to run command without establishing a connection

2024-02-21 17:58:55,675 - ERROR - error when search for jobs: Message: Tried to run command without establishing a connection

2024-02-21 17:58:55,677 - ERROR - error when search for jobs: Message: Tried to run command without establishing a connection

2024-02-21 17:58:55,678 - ERROR - error when search for jobs: Message: Tried to run command without establishing a connection

2024-02-21 17:58:55,679 - ERROR - error when search for jobs: Message: Tried to run command without establishing a connection

2024-02-21 17:58:55,681 - ERROR - error when search for jobs: Message: Tried to run command without establishing a connection

2024-02-21 17:58:55,682 - ERROR - error when search for jobs: Message: Tried to run command without establishing a connection

2024-02-21 17:58:55,683 - ERROR - error when search for jobs: Message: Tried to run command without establishing a connection

2024-02-21 17:58:55,684 - ERROR - error when search for jobs: Message: Tried to run command without establishing a connection

2024-02-21 17:58:55,685 - ERROR - error when search for jobs: Message: Tried to run command without establishing a connection

2024-02-21 17:58:55,687 - ERROR - error when search for jobs: Message: Tried to run command without establishing a connection

2024-02-21 17:58:55,688 - ERROR - error when search for jobs: Message: Tried to run command without establishing a connection

2024-02-21 17:58:55,689 - ERROR - error when search for jobs: Message: Tried to run command without establishing a connection

2024-02-21 17:58:55,690 - ERROR - error when search for jobs: Message: Tried to run command without establishing a connection

2024-02-21 17:58:55,691 - ERROR - error when search for jobs: Message: Tried to run command without establishing a connection

2024-02-21 17:58:55,692 - ERROR - error when search for jobs: Message: Tried to run command without establishing a connection

2024-02-21 17:58:55,693 - ERROR - error when search for jobs: Message: Tried to run command without establishing a connection

2024-02-21 17:58:55,695 - ERROR - error when search for jobs: Message: Tried to run command without establishing a connection

2024-02-21 17:58:55,696 - ERROR - error when search for jobs: Message: Tried to run command without establishing a connection

2024-02-21 17:58:55,697 - ERROR - error when search for jobs: Message: Tried to run command without establishing a connection

2024-02-21 17:58:55,698 - ERROR - error when search for jobs: Message: Tried to run command without establishing a connection

2024-02-21 17:58:55,700 - ERROR - error when search for jobs: Message: Tried to run command without establishing a connection

2024-02-21 17:58:55,701 - ERROR - error when search for jobs: Message: Tried to run command without establishing a connection

2024-02-21 17:58:55,702 - ERROR - error when search for jobs: Message: Tried to run command without establishing a connection

2024-02-21 17:58:55,703 - ERROR - error when search for jobs: Message: Tried to run command without establishing a connection

2024-02-21 17:58:55,704 - ERROR - error when search for jobs: Message: Tried to run command without establishing a connection

2024-02-21 17:58:55,706 - ERROR - error when search for jobs: Message: Tried to run command without establishing a connection

2024-02-21 17:58:55,707 - ERROR - error when search for jobs: Message: Tried to run command without establishing a connection

2024-02-21 17:58:55,708 - ERROR - error when search for jobs: Message: Tried to run command without establishing a connection

2024-02-21 17:58:55,709 - ERROR - error when search for jobs: Message: Tried to run command without establishing a connection

2024-02-21 17:58:55,710 - ERROR - error when search for jobs: Message: Tried to run command without establishing a connection

2024-02-21 17:58:55,712 - ERROR - error when search for jobs: Message: Tried to run command without establishing a connection

2024-02-21 17:58:55,713 - ERROR - error when search for jobs: Message: Tried to run command without establishing a connection

2024-02-21 17:58:55,714 - ERROR - error when search for jobs: Message: Tried to run command without establishing a connection

2024-02-21 17:58:55,716 - ERROR - error when search for jobs: Message: Tried to run command without establishing a connection

2024-02-21 17:58:55,717 - ERROR - error when search for jobs: Message: Tried to run command without establishing a connection

2024-02-21 17:58:55,718 - ERROR - error when search for jobs: Message: Tried to run command without establishing a connection

2024-02-21 17:58:55,719 - ERROR - error when search for jobs: Message: Tried to run command without establishing a connection

2024-02-21 17:58:55,720 - ERROR - error when search for jobs: Message: Tried to run command without establishing a connection

2024-02-21 17:58:55,721 - ERROR - error when search for jobs: Message: Tried to run command without establishing a connection

2024-02-21 17:58:55,722 - ERROR - error when search for jobs: Message: Tried to run command without establishing a connection

2024-02-21 17:58:55,724 - ERROR - error when search for jobs: Message: Tried to run command without establishing a connection

2024-02-21 17:58:55,725 - ERROR - error when search for jobs: Message: Tried to run command without establishing a connection

2024-02-21 17:58:55,726 - ERROR - error when search for jobs: Message: Tried to run command without establishing a connection

2024-02-21 17:58:55,727 - ERROR - error when search for jobs: Message: Tried to run command without establishing a connection

2024-02-21 17:58:55,729 - ERROR - error when search for jobs: Message: Tried to run command without establishing a connection

2024-02-21 17:58:55,730 - ERROR - error when search for jobs: Message: Tried to run command without establishing a connection

2024-02-21 17:58:55,731 - ERROR - error when search for jobs: Message: Tried to run command without establishing a connection

2024-02-21 17:58:55,732 - ERROR - error when search for jobs: Message: Tried to run command without establishing a connection

2024-02-21 17:58:55,733 - ERROR - error when search for jobs: Message: Tried to run command without establishing a connection

2024-02-21 17:58:55,735 - ERROR - error when search for jobs: Message: Tried to run command without establishing a connection

2024-02-21 17:58:55,736 - ERROR - error when search for jobs: Message: Tried to run command without establishing a connection

2024-02-21 17:58:55,737 - ERROR - error when search for jobs: Message: Tried to run command without establishing a connection

2024-02-21 17:58:55,738 - ERROR - error when search for jobs: Message: Tried to run command without establishing a connection

2024-02-21 17:58:55,739 - ERROR - error when search for jobs: Message: Tried to run command without establishing a connection

2024-02-21 17:58:55,740 - ERROR - error when search for jobs: Message: Tried to run command without establishing a connection

2024-02-21 17:58:55,741 - ERROR - error when search for jobs: Message: Tried to run command without establishing a connection

2024-02-21 17:58:55,743 - ERROR - error when search for jobs: Message: Tried to run command without establishing a connection

2024-02-21 17:58:55,744 - ERROR - error when search for jobs: Message: Tried to run command without establishing a connection

2024-02-21 17:58:55,745 - ERROR - error when search for jobs: Message: Tried to run command without establishing a connection

2024-02-21 17:58:55,746 - ERROR - error when search for jobs: Message: Tried to run command without establishing a connection

2024-02-21 17:58:55,748 - ERROR - error when search for jobs: Message: Tried to run command without establishing a connection

2024-02-21 17:58:55,749 - ERROR - error when search for jobs: Message: Tried to run command without establishing a connection

2024-02-21 17:58:55,750 - ERROR - error when search for jobs: Message: Tried to run command without establishing a connection

2024-02-21 17:58:55,751 - ERROR - error when search for jobs: Message: Tried to run command without establishing a connection

2024-02-21 17:58:55,752 - ERROR - error when search for jobs: Message: Tried to run command without establishing a connection

2024-02-21 17:58:55,753 - ERROR - error when search for jobs: Message: Tried to run command without establishing a connection

2024-02-21 17:58:55,755 - ERROR - error when search for jobs: Message: Tried to run command without establishing a connection

2024-02-21 17:58:55,756 - ERROR - error when search for jobs: Message: Tried to run command without establishing a connection

2024-02-21 17:58:55,757 - ERROR - error when search for jobs: Message: Tried to run command without establishing a connection

2024-02-21 17:58:55,758 - ERROR - error when search for jobs: Message: Tried to run command without establishing a connection

2024-02-21 17:58:55,759 - ERROR - error when search for jobs: Message: Tried to run command without establishing a connection

2024-02-21 17:58:55,761 - ERROR - error when search for jobs: Message: Tried to run command without establishing a connection

2024-02-21 17:58:55,762 - ERROR - error when search for jobs: Message: Tried to run command without establishing a connection

2024-02-21 17:58:55,763 - ERROR - error when search for jobs: Message: Tried to run command without establishing a connection

2024-02-21 17:58:55,765 - ERROR - error when search for jobs: Message: Tried to run command without establishing a connection

2024-02-21 17:58:55,766 - ERROR - error when search for jobs: Message: Tried to run command without establishing a connection

2024-02-21 17:58:55,767 - ERROR - error when search for jobs: Message: Tried to run command without establishing a connection

2024-02-21 17:58:55,768 - ERROR - error when search for jobs: Message: Tried to run command without establishing a connection

2024-02-21 17:58:55,769 - ERROR - error when search for jobs: Message: Tried to run command without establishing a connection

2024-02-21 17:58:55,770 - ERROR - error when search for jobs: Message: Tried to run command without establishing a connection

2024-02-21 17:58:55,771 - ERROR - error when search for jobs: Message: Tried to run command without establishing a connection

2024-02-21 17:58:55,773 - ERROR - error when search for jobs: Message: Tried to run command without establishing a connection

2024-02-21 17:58:55,774 - ERROR - error when search for jobs: Message: Tried to run command without establishing a connection

2024-02-21 17:58:55,775 - ERROR - error when search for jobs: Message: Tried to run command without establishing a connection

2024-02-21 17:58:55,777 - ERROR - error when search for jobs: Message: Tried to run command without establishing a connection

2024-02-21 17:58:55,778 - ERROR - error when search for jobs: Message: Tried to run command without establishing a connection

2024-02-21 17:58:55,780 - ERROR - error when search for jobs: Message: Tried to run command without establishing a connection

2024-02-21 17:58:55,781 - ERROR - error when search for jobs: Message: Tried to run command without establishing a connection

2024-02-21 17:58:55,782 - ERROR - error when search for jobs: Message: Tried to run command without establishing a connection

2024-02-21 17:58:55,783 - ERROR - error when search for jobs: Message: Tried to run command without establishing a connection

2024-02-21 17:58:55,784 - ERROR - error when search for jobs: Message: Tried to run command without establishing a connection

2024-02-21 17:58:55,786 - ERROR - error when search for jobs: Message: Tried to run command without establishing a connection

2024-02-21 17:58:55,787 - ERROR - error when search for jobs: Message: Tried to run command without establishing a connection

2024-02-21 17:58:55,788 - ERROR - error when search for jobs: Message: Tried to run command without establishing a connection

2024-02-21 17:58:55,789 - ERROR - error when search for jobs: Message: Tried to run command without establishing a connection

2024-02-21 17:58:55,790 - ERROR - error when search for jobs: Message: Tried to run command without establishing a connection

2024-02-21 17:58:55,792 - ERROR - error when search for jobs: Message: Tried to run command without establishing a connection

2024-02-21 17:58:55,793 - ERROR - error when search for jobs: Message: Tried to run command without establishing a connection

2024-02-21 17:58:55,794 - ERROR - error when search for jobs: Message: Tried to run command without establishing a connection

2024-02-21 17:58:55,796 - ERROR - error when search for jobs: Message: Tried to run command without establishing a connection

2024-02-21 17:58:55,797 - ERROR - error when search for jobs: Message: Tried to run command without establishing a connection

2024-02-21 17:58:55,798 - ERROR - error when search for jobs: Message: Tried to run command without establishing a connection

2024-02-21 17:58:55,800 - ERROR - error when search for jobs: Message: Tried to run command without establishing a connection

2024-02-21 17:58:55,801 - ERROR - error when search for jobs: Message: Tried to run command without establishing a connection

2024-02-21 17:58:55,802 - ERROR - error when search for jobs: Message: Tried to run command without establishing a connection

2024-02-21 17:58:55,803 - ERROR - error when search for jobs: Message: Tried to run command without establishing a connection

2024-02-21 17:58:55,804 - ERROR - error when search for jobs: Message: Tried to run command without establishing a connection

2024-02-21 17:58:55,806 - ERROR - error when search for jobs: Message: Tried to run command without establishing a connection

2024-02-21 17:58:55,807 - ERROR - error when search for jobs: Message: Tried to run command without establishing a connection

2024-02-21 17:58:55,808 - ERROR - error when search for jobs: Message: Tried to run command without establishing a connection

2024-02-21 17:58:55,809 - ERROR - error when search for jobs: Message: Tried to run command without establishing a connection

2024-02-21 17:58:55,811 - ERROR - error when search for jobs: Message: Tried to run command without establishing a connection

2024-02-21 17:58:55,812 - ERROR - error when search for jobs: Message: Tried to run command without establishing a connection

2024-02-21 17:58:55,813 - ERROR - error when search for jobs: Message: Tried to run command without establishing a connection

2024-02-21 17:58:55,814 - ERROR - error when search for jobs: Message: Tried to run command without establishing a connection

2024-02-21 17:58:55,816 - ERROR - error when search for jobs: Message: Tried to run command without establishing a connection

2024-02-21 17:58:55,817 - ERROR - error when search for jobs: Message: Tried to run command without establishing a connection

2024-02-21 17:58:55,818 - ERROR - error when search for jobs: Message: Tried to run command without establishing a connection

2024-02-21 17:58:55,819 - ERROR - error when search for jobs: Message: Tried to run command without establishing a connection

2024-02-21 17:58:55,820 - ERROR - error when search for jobs: Message: Tried to run command without establishing a connection

2024-02-21 17:58:55,822 - ERROR - error when search for jobs: Message: Tried to run command without establishing a connection

2024-02-21 17:58:55,823 - ERROR - error when search for jobs: Message: Tried to run command without establishing a connection

2024-02-21 17:58:55,824 - ERROR - error when search for jobs: Message: Tried to run command without establishing a connection

2024-02-21 17:58:55,825 - ERROR - error when search for jobs: Message: Tried to run command without establishing a connection

2024-02-21 17:58:55,826 - ERROR - error when search for jobs: Message: Tried to run command without establishing a connection

2024-02-21 17:58:55,827 - ERROR - error when search for jobs: Message: Tried to run command without establishing a connection

2024-02-21 17:58:55,829 - ERROR - error when search for jobs: Message: Tried to run command without establishing a connection

2024-02-21 17:58:55,830 - ERROR - error when search for jobs: Message: Tried to run command without establishing a connection

2024-02-21 17:58:55,831 - ERROR - error when search for jobs: Message: Tried to run command without establishing a connection

2024-02-21 17:58:55,833 - ERROR - error when search for jobs: Message: Tried to run command without establishing a connection

2024-02-21 17:58:55,834 - ERROR - error when search for jobs: Message: Tried to run command without establishing a connection

2024-02-21 17:58:55,835 - ERROR - error when search for jobs: Message: Tried to run command without establishing a connection

2024-02-21 17:58:55,836 - ERROR - error when search for jobs: Message: Tried to run command without establishing a connection

2024-02-21 17:58:55,838 - ERROR - error when search for jobs: Message: Tried to run command without establishing a connection

2024-02-21 17:58:55,839 - ERROR - error when search for jobs: Message: Tried to run command without establishing a connection

2024-02-21 17:58:55,840 - ERROR - error when search for jobs: Message: Tried to run command without establishing a connection

2024-02-21 17:58:55,842 - ERROR - error when search for jobs: Message: Tried to run command without establishing a connection

2024-02-21 17:58:55,843 - ERROR - error when search for jobs: Message: Tried to run command without establishing a connection

2024-02-21 17:58:55,844 - ERROR - error when search for jobs: Message: Tried to run command without establishing a connection

2024-02-21 17:58:55,845 - ERROR - error when search for jobs: Message: Tried to run command without establishing a connection

2024-02-21 17:58:55,847 - ERROR - error when search for jobs: Message: Tried to run command without establishing a connection

2024-02-21 17:58:55,848 - ERROR - error when search for jobs: Message: Tried to run command without establishing a connection

2024-02-21 17:58:55,849 - ERROR - error when search for jobs: Message: Tried to run command without establishing a connection

2024-02-21 17:58:55,850 - ERROR - error when search for jobs: Message: Tried to run command without establishing a connection

2024-02-21 17:58:55,852 - ERROR - error when search for jobs: Message: Tried to run command without establishing a connection

2024-02-21 17:58:55,853 - ERROR - error when search for jobs: Message: Tried to run command without establishing a connection

2024-02-21 17:58:55,854 - ERROR - error when search for jobs: Message: Tried to run command without establishing a connection

2024-02-21 17:58:55,855 - ERROR - error when search for jobs: Message: Tried to run command without establishing a connection

2024-02-21 17:58:55,856 - ERROR - error when search for jobs: Message: Tried to run command without establishing a connection

2024-02-21 17:58:55,857 - ERROR - error when search for jobs: Message: Tried to run command without establishing a connection

2024-02-21 17:58:55,859 - ERROR - error when search for jobs: Message: Tried to run command without establishing a connection

2024-02-21 17:58:55,860 - ERROR - error when search for jobs: Message: Tried to run command without establishing a connection

2024-02-21 17:58:55,861 - ERROR - error when search for jobs: Message: Tried to run command without establishing a connection

2024-02-21 17:58:55,862 - ERROR - error when search for jobs: Message: Tried to run command without establishing a connection

2024-02-21 17:58:55,864 - ERROR - error when search for jobs: Message: Tried to run command without establishing a connection

2024-02-21 17:58:55,866 - ERROR - error when search for jobs: Message: Tried to run command without establishing a connection

2024-02-21 17:58:55,867 - ERROR - error when search for jobs: Message: Tried to run command without establishing a connection

2024-02-21 17:58:55,869 - ERROR - error when search for jobs: Message: Tried to run command without establishing a connection

2024-02-21 17:58:55,870 - ERROR - error when search for jobs: Message: Tried to run command without establishing a connection

2024-02-21 17:58:55,871 - ERROR - error when search for jobs: Message: Tried to run command without establishing a connection

2024-02-21 17:58:55,872 - ERROR - error when search for jobs: Message: Tried to run command without establishing a connection

2024-02-21 17:58:55,873 - ERROR - error when search for jobs: Message: Tried to run command without establishing a connection

2024-02-21 17:58:55,875 - ERROR - error when search for jobs: Message: Tried to run command without establishing a connection

2024-02-21 17:58:55,876 - ERROR - error when search for jobs: Message: Tried to run command without establishing a connection

2024-02-21 17:58:55,877 - ERROR - error when search for jobs: Message: Tried to run command without establishing a connection

2024-02-21 17:58:55,879 - ERROR - error when search for jobs: Message: Tried to run command without establishing a connection

2024-02-21 17:58:55,880 - ERROR - error when search for jobs: Message: Tried to run command without establishing a connection

2024-02-21 17:58:55,881 - ERROR - error when search for jobs: Message: Tried to run command without establishing a connection

2024-02-21 17:58:55,883 - ERROR - error when search for jobs: Message: Tried to run command without establishing a connection

2024-02-21 17:58:55,884 - ERROR - error when search for jobs: Message: Tried to run command without establishing a connection

2024-02-21 17:58:55,885 - ERROR - error when search for jobs: Message: Tried to run command without establishing a connection

2024-02-21 17:58:55,887 - ERROR - error when search for jobs: Message: Tried to run command without establishing a connection

2024-02-21 17:58:55,888 - ERROR - error when search for jobs: Message: Tried to run command without establishing a connection

2024-02-21 17:58:55,889 - ERROR - error when search for jobs: Message: Tried to run command without establishing a connection

2024-02-21 17:58:55,890 - ERROR - error when search for jobs: Message: Tried to run command without establishing a connection

2024-02-21 17:58:55,891 - ERROR - error when search for jobs: Message: Tried to run command without establishing a connection

2024-02-21 17:58:55,892 - ERROR - error when search for jobs: Message: Tried to run command without establishing a connection

2024-02-21 17:58:55,894 - ERROR - error when search for jobs: Message: Tried to run command without establishing a connection

2024-02-21 17:58:55,895 - ERROR - error when search for jobs: Message: Tried to run command without establishing a connection

2024-02-21 17:58:55,896 - ERROR - error when search for jobs: Message: Tried to run command without establishing a connection

2024-02-21 17:58:55,898 - ERROR - error when search for jobs: Message: Tried to run command without establishing a connection

2024-02-21 17:58:55,899 - ERROR - error when search for jobs: Message: Tried to run command without establishing a connection

2024-02-21 17:58:55,900 - ERROR - error when search for jobs: Message: Tried to run command without establishing a connection

2024-02-21 17:58:55,902 - ERROR - error when search for jobs: Message: Tried to run command without establishing a connection

2024-02-21 17:58:55,903 - ERROR - error when search for jobs: Message: Tried to run command without establishing a connection

2024-02-21 17:58:55,904 - ERROR - error when search for jobs: Message: Tried to run command without establishing a connection

2024-02-21 17:58:55,905 - ERROR - error when search for jobs: Message: Tried to run command without establishing a connection

2024-02-21 17:58:55,906 - ERROR - error when search for jobs: Message: Tried to run command without establishing a connection

2024-02-21 17:58:55,907 - ERROR - error when search for jobs: Message: Tried to run command without establishing a connection

2024-02-21 17:58:55,909 - ERROR - error when search for jobs: Message: Tried to run command without establishing a connection

2024-02-21 17:58:55,910 - ERROR - error when search for jobs: Message: Tried to run command without establishing a connection

2024-02-21 17:58:55,912 - ERROR - error when search for jobs: Message: Tried to run command without establishing a connection

2024-02-21 17:58:55,913 - ERROR - error when search for jobs: Message: Tried to run command without establishing a connection

2024-02-21 17:58:55,914 - ERROR - error when search for jobs: Message: Tried to run command without establishing a connection

2024-02-21 17:58:55,916 - ERROR - error when search for jobs: Message: Tried to run command without establishing a connection

2024-02-21 17:58:55,917 - ERROR - error when search for jobs: Message: Tried to run command without establishing a connection

2024-02-21 17:58:55,918 - ERROR - error when search for jobs: Message: Tried to run command without establishing a connection

2024-02-21 17:58:55,919 - ERROR - error when search for jobs: Message: Tried to run command without establishing a connection

2024-02-21 17:58:55,920 - ERROR - error when search for jobs: Message: Tried to run command without establishing a connection

2024-02-21 17:58:55,922 - ERROR - error when search for jobs: Message: Tried to run command without establishing a connection

2024-02-21 17:58:55,923 - ERROR - error when search for jobs: Message: Tried to run command without establishing a connection

2024-02-21 17:58:55,925 - ERROR - error when search for jobs: Message: Tried to run command without establishing a connection

2024-02-21 17:58:55,926 - ERROR - error when search for jobs: Message: Tried to run command without establishing a connection

2024-02-21 17:58:55,927 - ERROR - error when search for jobs: Message: Tried to run command without establishing a connection

2024-02-21 17:58:55,928 - ERROR - error when search for jobs: Message: Tried to run command without establishing a connection

2024-02-21 17:58:55,930 - ERROR - error when search for jobs: Message: Tried to run command without establishing a connection

